0 info it worked if it ends with ok
1 verbose cli [ 'C:\\Program Files\\nodejs\\node.exe',
1 verbose cli   'C:\\Program Files\\nodejs\\node_modules\\npm\\bin\\npm-cli.js',
1 verbose cli   'run',
1 verbose cli   'test',
1 verbose cli   '--no-cache' ]
2 info using npm@4.2.0
3 info using node@v7.9.0
4 verbose run-script [ 'pretest', 'test', 'posttest' ]
5 info lifecycle github-users@0.1.0~pretest: github-users@0.1.0
6 silly lifecycle github-users@0.1.0~pretest: no script for pretest, continuing
7 info lifecycle github-users@0.1.0~test: github-users@0.1.0
8 verbose lifecycle github-users@0.1.0~test: unsafe-perm in lifecycle true
9 verbose lifecycle github-users@0.1.0~test: PATH: C:\Program Files\nodejs\node_modules\npm\bin\node-gyp-bin;C:\Users\Daria\Desktop\IT\apps\users-github\node_modules\.bin;C:\Users\Daria\bin;C:\Program Files (x86)\Git\mingw32\bin;C:\Program Files (x86)\Git\usr\local\bin;C:\Program Files (x86)\Git\usr\bin;C:\Program Files (x86)\Git\usr\bin;C:\Program Files (x86)\Git\mingw32\bin;C:\Program Files (x86)\Git\usr\bin;C:\Users\Daria\bin;C:\ProgramData\Oracle\Java\javapath;C:\Program Files (x86)\Intel\iCLS Client;C:\Program Files\Intel\iCLS Client;C:\WINDOWS\system32;C:\WINDOWS;C:\WINDOWS\System32\Wbem;C:\WINDOWS\System32\WindowsPowerShell\v1.0;C:\Program Files\Intel\Intel(R) Management Engine Components\DAL;C:\Program Files (x86)\Intel\Intel(R) Management Engine Components\DAL;C:\Program Files\Intel\Intel(R) Management Engine Components\IPT;C:\Program Files (x86)\Intel\Intel(R) Management Engine Components\IPT;C:\Program Files (x86)\Skype\Phone;C:\Program Files\Microsoft SQL Server\130\Tools\Binn;C:\Program Files\dotnet;C:\Program Files\nodejs;C:\WINDOWS\System32\OpenSSH;C:\Users\Daria\.cargo\bin;C:\Ruby23\bin;C:\Program Files (x86)\Ruby23\bin;C:\Users\Daria\AppData\Local\Microsoft\WindowsApps;C:\Users\Daria\AppData\Roaming\npm;C:\Program Files\Microsoft VS Code\bin;C:\Users\Daria\AppData\Local\Microsoft\WindowsApps;C:\Program Files (x86)\Git\usr\bin\vendor_perl;C:\Program Files (x86)\Git\usr\bin\core_perl
10 verbose lifecycle github-users@0.1.0~test: CWD: C:\Users\Daria\Desktop\IT\apps\users-github
11 silly lifecycle github-users@0.1.0~test: Args: [ '/d /s /c', 'jest' ]
12 silly lifecycle github-users@0.1.0~test: Returned: code: 1  signal: null
13 info lifecycle github-users@0.1.0~test: Failed to exec test script
14 verbose stack Error: github-users@0.1.0 test: `jest`
14 verbose stack Exit status 1
14 verbose stack     at EventEmitter.<anonymous> (C:\Program Files\nodejs\node_modules\npm\lib\utils\lifecycle.js:279:16)
14 verbose stack     at emitTwo (events.js:106:13)
14 verbose stack     at EventEmitter.emit (events.js:194:7)
14 verbose stack     at ChildProcess.<anonymous> (C:\Program Files\nodejs\node_modules\npm\lib\utils\spawn.js:40:14)
14 verbose stack     at emitTwo (events.js:106:13)
14 verbose stack     at ChildProcess.emit (events.js:194:7)
14 verbose stack     at maybeClose (internal/child_process.js:899:16)
14 verbose stack     at Process.ChildProcess._handle.onexit (internal/child_process.js:226:5)
15 verbose pkgid github-users@0.1.0
16 verbose cwd C:\Users\Daria\Desktop\IT\apps\users-github
17 error Windows_NT 10.0.17134
18 error argv "C:\\Program Files\\nodejs\\node.exe" "C:\\Program Files\\nodejs\\node_modules\\npm\\bin\\npm-cli.js" "run" "test" "--no-cache"
19 error node v7.9.0
20 error npm  v4.2.0
21 error code ELIFECYCLE
22 error errno 1
23 error github-users@0.1.0 test: `jest`
23 error Exit status 1
24 error Failed at the github-users@0.1.0 test script 'jest'.
24 error Make sure you have the latest version of node.js and npm installed.
24 error If you do, this is most likely a problem with the github-users package,
24 error not with npm itself.
24 error Tell the author that this fails on your system:
24 error     jest
24 error You can get information on how to open an issue for this project with:
24 error     npm bugs github-users
24 error Or if that isn't available, you can get their info via:
24 error     npm owner ls github-users
24 error There is likely additional logging output above.
25 verbose exit [ 1, true ]
